<?xml version="1.0" encoding="UTF-8"?>
<!-- Generated by org.testng.reporters.JUnitXMLReporter -->
<testsuite hostname="JHANSI-PC" ignored="0" name="Surefire test" tests="4" failures="0" timestamp="21 Oct 2018 12:52:10 GMT" time="18.657" errors="0">
  <testcase name="browser" time="10.088" classname="com.org.maventest.selenium.MavenTest"/>
  <testcase name="image" time="1.08" classname="com.org.maventest.selenium.MavenTest"/>
  <testcase name="selection" time="5.015" classname="com.org.maventest.selenium.MavenTest"/>
  <testcase name="scroll" time="1.347" classname="com.org.maventest.selenium.MavenTest"/>
</testsuite> <!-- Surefire test -->
