<?xml version="1.0" encoding="UTF-8"?>
<!-- Generated by org.testng.reporters.JUnitXMLReporter -->
<testsuite hostname="JHANSI-PC" ignored="0" name="Default test" tests="4" failures="0" timestamp="21 Oct 2018 13:04:04 GMT" time="17.641" errors="0">
  <testcase name="browser" time="9.25" classname="com.org.maventest.selenium.MavenTest"/>
  <testcase name="image" time="1.065" classname="com.org.maventest.selenium.MavenTest"/>
  <testcase name="selection" time="4.832" classname="com.org.maventest.selenium.MavenTest"/>
  <testcase name="scroll" time="1.361" classname="com.org.maventest.selenium.MavenTest"/>
</testsuite> <!-- Default test -->
