<?xml version="1.0" encoding="UTF-8"?>
<testng-results skipped="0" failed="0" ignored="0" total="4" passed="4">
  <reporter-output>
  </reporter-output>
  <suite name="Surefire suite" duration-ms="18657" started-at="2018-10-21T12:51:52Z" finished-at="2018-10-21T12:52:10Z">
    <groups>
    </groups>
    <test name="Surefire test" duration-ms="18657" started-at="2018-10-21T12:51:52Z" finished-at="2018-10-21T12:52:10Z">
      <class name="com.org.maventest.selenium.MavenTest">
        <test-method status="PASS" signature="browser()[pri:1, instance:com.org.maventest.selenium.MavenTest@6e6d5e]" name="browser" duration-ms="10088" started-at="2018-10-21T12:51:52Z" finished-at="2018-10-21T12:52:02Z">
          <reporter-output>
          </reporter-output>
        </test-method> <!-- browser -->
        <test-method status="PASS" signature="image()[pri:2, instance:com.org.maventest.selenium.MavenTest@6e6d5e]" name="image" duration-ms="1080" started-at="2018-10-21T12:52:02Z" finished-at="2018-10-21T12:52:03Z">
          <reporter-output>
          </reporter-output>
        </test-method> <!-- image -->
        <test-method status="PASS" signature="selection()[pri:3, instance:com.org.maventest.selenium.MavenTest@6e6d5e]" name="selection" duration-ms="5015" started-at="2018-10-21T12:52:03Z" finished-at="2018-10-21T12:52:08Z">
          <reporter-output>
          </reporter-output>
        </test-method> <!-- selection -->
        <test-method status="PASS" signature="scroll()[pri:4, instance:com.org.maventest.selenium.MavenTest@6e6d5e]" name="scroll" duration-ms="1347" started-at="2018-10-21T12:52:08Z" finished-at="2018-10-21T12:52:09Z">
          <reporter-output>
          </reporter-output>
        </test-method> <!-- scroll -->
        <test-method status="PASS" signature="close()[pri:0, instance:com.org.maventest.selenium.MavenTest@6e6d5e]" name="close" is-config="true" duration-ms="1100" started-at="2018-10-21T12:52:09Z" finished-at="2018-10-21T12:52:10Z">
          <reporter-output>
          </reporter-output>
        </test-method> <!-- close -->
      </class> <!-- com.org.maventest.selenium.MavenTest -->
    </test> <!-- Surefire test -->
  </suite> <!-- Surefire suite -->
</testng-results>
